Determining if the pthread_create exist failed with the following output:
Change Dir: /home/kae/record/_build/CMakeFiles/CMakeTmp

Run Build Command:"/usr/bin/make" "cmTryCompileExec2287302210/fast"
make[1]: Entering directory '/home/kae/record/_build/CMakeFiles/CMakeTmp'
/usr/bin/make -f CMakeFiles/cmTryCompileExec2287302210.dir/build.make CMakeFiles/cmTryCompileExec2287302210.dir/build
make[2]: Entering directory '/home/kae/record/_build/CMakeFiles/CMakeTmp'
/usr/bin/cmake -E cmake_progress_report /home/kae/record/_build/CMakeFiles/CMakeTmp/CMakeFiles 1
Building C object CMakeFiles/cmTryCompileExec2287302210.dir/CheckSymbolExists.c.o
/usr/bin/cc    -o CMakeFiles/cmTryCompileExec2287302210.dir/CheckSymbolExists.c.o   -c /home/kae/record/_build/CMakeFiles/CMakeTmp/CheckSymbolExists.c
Linking C executable cmTryCompileExec2287302210
/usr/bin/cmake -E cmake_link_script CMakeFiles/cmTryCompileExec2287302210.dir/link.txt --verbose=1
/usr/bin/cc       CMakeFiles/cmTryCompileExec2287302210.dir/CheckSymbolExists.c.o  -o cmTryCompileExec2287302210 -rdynamic 
CMakeFiles/cmTryCompileExec2287302210.dir/CheckSymbolExists.c.o: In function `main':
CheckSymbolExists.c:(.text+0x38): undefined reference to `pthread_create'
collect2: error: ld returned 1 exit status
CMakeFiles/cmTryCompileExec2287302210.dir/build.make:88: recipe for target 'cmTryCompileExec2287302210' failed
make[2]: Leaving directory '/home/kae/record/_build/CMakeFiles/CMakeTmp'
make[2]: *** [cmTryCompileExec2287302210] Error 1
Makefile:118: recipe for target 'cmTryCompileExec2287302210/fast' failed
make[1]: *** [cmTryCompileExec2287302210/fast] Error 2
make[1]: Leaving directory '/home/kae/record/_build/CMakeFiles/CMakeTmp'

File /home/kae/record/_build/CMakeFiles/CMakeTmp/CheckSymbolExists.c:
/* */
#include <pthread.h>

int main(int argc, char** argv)
{
  (void)argv;
#ifndef pthread_create
  return ((int*)(&pthread_create))[argc];
#else
  (void)argc;
  return 0;
#endif
}

Determining if the function pthread_create exists in the pthreads failed with the following output:
Change Dir: /home/kae/record/_build/CMakeFiles/CMakeTmp

Run Build Command:"/usr/bin/make" "cmTryCompileExec2763315838/fast"
make[1]: Entering directory '/home/kae/record/_build/CMakeFiles/CMakeTmp'
/usr/bin/make -f CMakeFiles/cmTryCompileExec2763315838.dir/build.make CMakeFiles/cmTryCompileExec2763315838.dir/build
make[2]: Entering directory '/home/kae/record/_build/CMakeFiles/CMakeTmp'
/usr/bin/cmake -E cmake_progress_report /home/kae/record/_build/CMakeFiles/CMakeTmp/CMakeFiles 1
Building C object CMakeFiles/cmTryCompileExec2763315838.dir/CheckFunctionExists.c.o
/usr/bin/cc   -DCHECK_FUNCTION_EXISTS=pthread_create   -o CMakeFiles/cmTryCompileExec2763315838.dir/CheckFunctionExists.c.o   -c /usr/share/cmake-3.0/Modules/CheckFunctionExists.c
Linking C executable cmTryCompileExec2763315838
/usr/bin/cmake -E cmake_link_script CMakeFiles/cmTryCompileExec2763315838.dir/link.txt --verbose=1
/usr/bin/cc   -DCHECK_FUNCTION_EXISTS=pthread_create    CMakeFiles/cmTryCompileExec2763315838.dir/CheckFunctionExists.c.o  -o cmTryCompileExec2763315838 -rdynamic -lpthreads 
/usr/bin/ld: cannot find -lpthreads
collect2: error: ld returned 1 exit status
CMakeFiles/cmTryCompileExec2763315838.dir/build.make:88: recipe for target 'cmTryCompileExec2763315838' failed
make[2]: Leaving directory '/home/kae/record/_build/CMakeFiles/CMakeTmp'
make[2]: *** [cmTryCompileExec2763315838] Error 1
Makefile:118: recipe for target 'cmTryCompileExec2763315838/fast' failed
make[1]: *** [cmTryCompileExec2763315838/fast] Error 2
make[1]: Leaving directory '/home/kae/record/_build/CMakeFiles/CMakeTmp'


